CRITICAL - 2024-05-27 08:43:25 --> CodeIgniter\View\Exceptions\ViewException: Invalid file: "layouts/user_side_frontend.php"
[Method: GET, Route: signup]
in SYSTEMPATH\Exceptions\FrameworkException.php on line 41.
 1 SYSTEMPATH\View\View.php(222): CodeIgniter\Exceptions\FrameworkException::forInvalidFile('layouts/user_side_frontend.php')
 2 SYSTEMPATH\View\View.php(250): CodeIgniter\View\View->render('layouts/user_side_frontend', [], true)
 3 SYSTEMPATH\Common.php(1171): CodeIgniter\View\View->render('user_signup', [], true)
 4 APPPATH\Controllers\Home.php(21): view('user_signup')
 5 SYSTEMPATH\CodeIgniter.php(933): App\Controllers\Home->userSignup()
 6 SYSTEMPATH\CodeIgniter.php(509): CodeIgniter\CodeIgniter->runController(Object(App\Controllers\Home))
 7 SYSTEMPATH\CodeIgniter.php(355): CodeIgniter\CodeIgniter->handleRequest(null, Object(Config\Cache), false)
 8 SYSTEMPATH\Boot.php(312): CodeIgniter\CodeIgniter->run()
 9 SYSTEMPATH\Boot.php(67): CodeIgniter\Boot::runCodeIgniter(Object(CodeIgniter\CodeIgniter))
10 FCPATH\index.php(56): CodeIgniter\Boot::bootWeb(Object(Config\Paths))
CRITICAL - 2024-05-27 08:45:19 --> CodeIgniter\View\Exceptions\ViewException: Invalid file: "layouts/user_side_frontend.php"
[Method: GET, Route: signup]
in SYSTEMPATH\Exceptions\FrameworkException.php on line 41.
 1 SYSTEMPATH\View\View.php(222): CodeIgniter\Exceptions\FrameworkException::forInvalidFile('layouts/user_side_frontend.php')
 2 SYSTEMPATH\View\View.php(250): CodeIgniter\View\View->render('layouts/user_side_frontend', [], true)
 3 SYSTEMPATH\Common.php(1171): CodeIgniter\View\View->render('user_signup', [], true)
 4 APPPATH\Controllers\Home.php(21): view('user_signup')
 5 SYSTEMPATH\CodeIgniter.php(933): App\Controllers\Home->userSignup()
 6 SYSTEMPATH\CodeIgniter.php(509): CodeIgniter\CodeIgniter->runController(Object(App\Controllers\Home))
 7 SYSTEMPATH\CodeIgniter.php(355): CodeIgniter\CodeIgniter->handleRequest(null, Object(Config\Cache), false)
 8 SYSTEMPATH\Boot.php(312): CodeIgniter\CodeIgniter->run()
 9 SYSTEMPATH\Boot.php(67): CodeIgniter\Boot::runCodeIgniter(Object(CodeIgniter\CodeIgniter))
10 FCPATH\index.php(56): CodeIgniter\Boot::bootWeb(Object(Config\Paths))
CRITICAL - 2024-05-27 08:45:58 --> Error: Undefined constant "wporking"
[Method: GET, Route: signup]
in APPPATH\Views\user_signup.php on line 1.
 1 SYSTEMPATH\View\View.php(234): include()
 2 SYSTEMPATH\View\View.php(237): CodeIgniter\View\View->CodeIgniter\View\{closure}()
 3 SYSTEMPATH\Common.php(1171): CodeIgniter\View\View->render('user_signup', [], true)
 4 APPPATH\Controllers\Home.php(21): view('user_signup')
 5 SYSTEMPATH\CodeIgniter.php(933): App\Controllers\Home->userSignup()
 6 SYSTEMPATH\CodeIgniter.php(509): CodeIgniter\CodeIgniter->runController(Object(App\Controllers\Home))
 7 SYSTEMPATH\CodeIgniter.php(355): CodeIgniter\CodeIgniter->handleRequest(null, Object(Config\Cache), false)
 8 SYSTEMPATH\Boot.php(312): CodeIgniter\CodeIgniter->run()
 9 SYSTEMPATH\Boot.php(67): CodeIgniter\Boot::runCodeIgniter(Object(CodeIgniter\CodeIgniter))
10 FCPATH\index.php(56): CodeIgniter\Boot::bootWeb(Object(Config\Paths))
CRITICAL - 2024-05-27 08:46:07 --> Error: Undefined constant "wporking"
[Method: GET, Route: signup]
in APPPATH\Views\user_signup.php on line 1.
 1 SYSTEMPATH\View\View.php(234): include()
 2 SYSTEMPATH\View\View.php(237): CodeIgniter\View\View->CodeIgniter\View\{closure}()
 3 SYSTEMPATH\Common.php(1171): CodeIgniter\View\View->render('user_signup', [], true)
 4 APPPATH\Controllers\Home.php(21): view('user_signup')
 5 SYSTEMPATH\CodeIgniter.php(933): App\Controllers\Home->userSignup()
 6 SYSTEMPATH\CodeIgniter.php(509): CodeIgniter\CodeIgniter->runController(Object(App\Controllers\Home))
 7 SYSTEMPATH\CodeIgniter.php(355): CodeIgniter\CodeIgniter->handleRequest(null, Object(Config\Cache), false)
 8 SYSTEMPATH\Boot.php(312): CodeIgniter\CodeIgniter->run()
 9 SYSTEMPATH\Boot.php(67): CodeIgniter\Boot::runCodeIgniter(Object(CodeIgniter\CodeIgniter))
10 FCPATH\index.php(56): CodeIgniter\Boot::bootWeb(Object(Config\Paths))
